<?xml version="1.0" encoding="UTF-8"?>
<!-- Generated by org.testng.reporters.JUnitXMLReporter -->
<testsuite ignored="0" hostname="tama" failures="0" tests="12" name="Default test" time="234.767" errors="0" timestamp="2025-06-23T16:11:44 GMT+03:00">
  <testcase classname="Dumyah_FinalProjectQA.Dumyah_FinalProject.AppTest" name="homepageAccessibility" time="0.204"/>
  <testcase classname="Dumyah_FinalProjectQA.Dumyah_FinalProject.AppTest" name="login" time="8.378"/>
  <testcase classname="Dumyah_FinalProjectQA.Dumyah_FinalProject.AppTest" name="searchAndFilteringFunctionality" time="24.965"/>
  <testcase classname="Dumyah_FinalProjectQA.Dumyah_FinalProject.AppTest" name="viewingRandomProductDetails" time="2.316"/>
  <testcase classname="Dumyah_FinalProjectQA.Dumyah_FinalProject.AppTest" name="addProductToCart" time="54.723"/>
  <testcase classname="Dumyah_FinalProjectQA.Dumyah_FinalProject.AppTest" name="view_Cart" time="11.434"/>
  <testcase classname="Dumyah_FinalProjectQA.Dumyah_FinalProject.AppTest" name="ModifyCart" time="26.193"/>
  <testcase classname="Dumyah_FinalProjectQA.Dumyah_FinalProject.AppTest" name="proceedingToCheckout" time="21.909"/>
  <testcase classname="Dumyah_FinalProjectQA.Dumyah_FinalProject.AppTest" name="createRegistry" time="16.321"/>
  <testcase classname="Dumyah_FinalProjectQA.Dumyah_FinalProject.AppTest" name="addProductToRegistryFromProductsList" time="37.709"/>
  <testcase classname="Dumyah_FinalProjectQA.Dumyah_FinalProject.AppTest" name="editAccountInfo" time="18.601"/>
  <testcase classname="Dumyah_FinalProjectQA.Dumyah_FinalProject.AppTest" name="logout" time="7.802"/>
</testsuite> <!-- Default test -->
